final project/Library/Bee/Android/Prj/Mono2x/Gradle/unityLibrary/build/intermediates/manifest_merge_blame_file/release/manifest-merger-blame-release-report.txt
1<?xml version="1.0" encoding="utf-8"?>
2<manifest xmlns:android="http://schemas.android.com/apk/res/android"
3    xmlns:tools="http://schemas.android.com/tools"
4    package="com.unity3d.player"
5    android:versionCode="1"
6    android:versionName="1.0" >
7
8    <uses-sdk
9        android:minSdkVersion="22"
9-->src\main\AndroidManifest.xml
10        android:targetSdkVersion="30" />
10-->src\main\AndroidManifest.xml
11
12    <uses-feature android:glEsVersion="0x00030000" />
12-->src\main\AndroidManifest.xml:21:3-52
12-->src\main\AndroidManifest.xml:21:17-49
13    <uses-feature
13-->src\main\AndroidManifest.xml:22:3-91
14        android:name="android.hardware.vulkan.version"
14-->src\main\AndroidManifest.xml:22:17-63
15        android:required="false" />
15-->src\main\AndroidManifest.xml:22:64-88
16
17    <uses-permission android:name="android.permission.INTERNET" />
17-->src\main\AndroidManifest.xml:23:3-65
17-->src\main\AndroidManifest.xml:23:20-62
18
19    <uses-feature
19-->src\main\AndroidManifest.xml:24:3-88
20        android:name="android.hardware.touchscreen"
20-->src\main\AndroidManifest.xml:24:17-60
21        android:required="false" />
21-->src\main\AndroidManifest.xml:24:61-85
22    <uses-feature
22-->src\main\AndroidManifest.xml:25:3-99
23        android:name="android.hardware.touchscreen.multitouch"
23-->src\main\AndroidManifest.xml:25:17-71
24        android:required="false" />
24-->src\main\AndroidManifest.xml:25:72-96
25    <uses-feature
25-->src\main\AndroidManifest.xml:26:3-108
26        android:name="android.hardware.touchscreen.multitouch.distinct"
26-->src\main\AndroidManifest.xml:26:17-80
27        android:required="false" />
27-->src\main\AndroidManifest.xml:26:81-105
28
29    <application android:extractNativeLibs="true" >
29-->src\main\AndroidManifest.xml:3:3-20:17
29-->src\main\AndroidManifest.xml:3:16-48
30        <activity
30-->src\main\AndroidManifest.xml:4:5-14:16
31            android:name="com.unity3d.player.UnityPlayerActivity"
31-->src\main\AndroidManifest.xml:4:15-68
32            android:configChanges="mcc|mnc|locale|touchscreen|keyboard|keyboardHidden|navigation|orientation|screenLayout|uiMode|screenSize|smallestScreenSize|fontScale|layoutDirection|density"
32-->src\main\AndroidManifest.xml:4:185-366
33            android:hardwareAccelerated="false"
33-->src\main\AndroidManifest.xml:4:401-436
34            android:launchMode="singleTask"
34-->src\main\AndroidManifest.xml:4:153-184
35            android:resizeableActivity="true"
35-->src\main\AndroidManifest.xml:4:367-400
36            android:screenOrientation="userLandscape"
36-->src\main\AndroidManifest.xml:4:111-152
37            android:theme="@style/UnityThemeSelector" >
37-->src\main\AndroidManifest.xml:4:69-110
38            <intent-filter>
38-->src\main\AndroidManifest.xml:5:7-8:23
39                <action android:name="android.intent.action.MAIN" />
39-->src\main\AndroidManifest.xml:6:9-61
39-->src\main\AndroidManifest.xml:6:17-58
40
41                <category android:name="android.intent.category.LAUNCHER" />
41-->src\main\AndroidManifest.xml:7:9-69
41-->src\main\AndroidManifest.xml:7:19-66
42            </intent-filter>
43
44            <meta-data
44-->src\main\AndroidManifest.xml:9:7-82
45                android:name="unityplayer.UnityActivity"
45-->src\main\AndroidManifest.xml:9:18-58
46                android:value="true" />
46-->src\main\AndroidManifest.xml:9:59-79
47            <meta-data
47-->src\main\AndroidManifest.xml:10:7-128
48                android:name="WindowManagerPreference:FreeformWindowSize"
48-->src\main\AndroidManifest.xml:10:18-75
49                android:value="@string/FreeformWindowSize_tablet" />
49-->src\main\AndroidManifest.xml:10:76-125
50            <meta-data
50-->src\main\AndroidManifest.xml:11:7-145
51                android:name="WindowManagerPreference:FreeformWindowOrientation"
51-->src\main\AndroidManifest.xml:11:18-82
52                android:value="@string/FreeformWindowOrientation_landscape" />
52-->src\main\AndroidManifest.xml:11:83-142
53
54            <layout
54-->src\main\AndroidManifest.xml:12:7-131
55                android:defaultHeight="1080px"
55-->src\main\AndroidManifest.xml:12:15-45
56                android:defaultWidth="2400px"
56-->src\main\AndroidManifest.xml:12:46-75
57                android:minHeight="1080px"
57-->src\main\AndroidManifest.xml:12:76-102
58                android:minWidth="1920px" />
58-->src\main\AndroidManifest.xml:12:103-128
59
60            <meta-data
60-->src\main\AndroidManifest.xml:13:7-78
61                android:name="android.notch_support"
61-->src\main\AndroidManifest.xml:13:18-54
62                android:value="true" />
62-->src\main\AndroidManifest.xml:13:55-75
63        </activity>
64
65        <meta-data
65-->src\main\AndroidManifest.xml:15:5-69
66            android:name="unity.splash-mode"
66-->src\main\AndroidManifest.xml:15:16-48
67            android:value="0" />
67-->src\main\AndroidManifest.xml:15:49-66
68        <meta-data
68-->src\main\AndroidManifest.xml:16:5-74
69            android:name="unity.splash-enable"
69-->src\main\AndroidManifest.xml:16:16-50
70            android:value="True" />
70-->src\main\AndroidManifest.xml:16:51-71
71        <meta-data
71-->src\main\AndroidManifest.xml:17:5-78
72            android:name="unity.launch-fullscreen"
72-->src\main\AndroidManifest.xml:17:16-54
73            android:value="True" />
73-->src\main\AndroidManifest.xml:17:55-75
74        <meta-data
74-->src\main\AndroidManifest.xml:18:5-83
75            android:name="unity.allow-resizable-window"
75-->src\main\AndroidManifest.xml:18:16-59
76            android:value="True" />
76-->src\main\AndroidManifest.xml:18:60-80
77        <meta-data
77-->src\main\AndroidManifest.xml:19:5-81
78            android:name="notch.config"
78-->src\main\AndroidManifest.xml:19:16-43
79            android:value="portrait|landscape" />
79-->src\main\AndroidManifest.xml:19:44-78
80    </application>
81
82</manifest>